<?xml version="1.0" encoding="UTF-8"?>
<!-- Generated by org.testng.reporters.JUnitReportReporter -->
<testsuite skipped="0" hostname="DESKTOP-IVB29SL" name="com.restassured.validating.BDD.Style.RestAssured_BDD_Style_Validating.TestXmlBasedResponse" tests="1" failures="0" timestamp="20 Mar 2019 10:36:00 GMT" time="2.896" errors="0">
  <testcase name="testUsingXpath" time="2.896" classname="com.restassured.validating.BDD.Style.RestAssured_BDD_Style_Validating.TestXmlBasedResponse"/>
</testsuite> <!-- com.restassured.validating.BDD.Style.RestAssured_BDD_Style_Validating.TestXmlBasedResponse -->
