<?xml version="1.0" encoding="UTF-8"?>
<!-- Generated by org.testng.reporters.JUnitReportReporter -->
<testsuite skipped="0" hostname="DESKTOP-IVB29SL" name="com.restassured.validating.BDD.Style.RestAssured_BDD_Style_Validating.Test4_PostRequest" tests="1" failures="0" timestamp="23 May 2019 17:25:54 GMT" time="4.367" errors="0">
  <testcase name="testPostRequest" time="4.367" classname="com.restassured.validating.BDD.Style.RestAssured_BDD_Style_Validating.Test4_PostRequest"/>
</testsuite> <!-- com.restassured.validating.BDD.Style.RestAssured_BDD_Style_Validating.Test4_PostRequest -->
