<?xml version="1.0" encoding="UTF-8"?>
<!-- Generated by org.testng.reporters.JUnitReportReporter -->
<testsuite skipped="0" hostname="DESKTOP-QA2NH3N" name="com.restassured.validating.BDD.Style.RestAssured_BDD_Style_Validating.Test5_ReadResponseInDiffWays" tests="1" failures="0" timestamp="09 Sep 2019 09:07:17 GMT" time="3.741" errors="0">
  <testcase name="testExtractDetailsUsingRespnse" time="3.741" classname="com.restassured.validating.BDD.Style.RestAssured_BDD_Style_Validating.Test5_ReadResponseInDiffWays"/>
</testsuite> <!-- com.restassured.validating.BDD.Style.RestAssured_BDD_Style_Validating.Test5_ReadResponseInDiffWays -->
