<?xml version="1.0" encoding="UTF-8"?>
<!-- Generated by org.testng.reporters.JUnitReportReporter -->
<testsuite skipped="0" hostname="DESKTOP-QA2NH3N" name="com.restassured.validating.BDD.Style.RestAssured_BDD_Style_Validating.RestAssured_BDD" tests="1" failures="0" timestamp="09 Sep 2019 07:34:10 GMT" time="3.687" errors="0">
  <testcase name="test" time="3.687" classname="com.restassured.validating.BDD.Style.RestAssured_BDD_Style_Validating.RestAssured_BDD"/>
</testsuite> <!-- com.restassured.validating.BDD.Style.RestAssured_BDD_Style_Validating.RestAssured_BDD -->
