<?xml version="1.0" encoding="UTF-8"?>
<!-- Generated by org.testng.reporters.JUnitReportReporter -->
<testsuite skipped="0" hostname="DESKTOP-IVB29SL" name="com.restassured.validating.BDD.Style.RestAssured_BDD_Style_Validating.Test6_GroovyFeatures" tests="1" failures="0" timestamp="11 Jan 2019 09:48:17 GMT" time="3.192" errors="0">
  <testcase name="testLengthOfResponse" time="3.192" classname="com.restassured.validating.BDD.Style.RestAssured_BDD_Style_Validating.Test6_GroovyFeatures"/>
</testsuite> <!-- com.restassured.validating.BDD.Style.RestAssured_BDD_Style_Validating.Test6_GroovyFeatures -->
