<?xml version="1.0" encoding="UTF-8"?>
<!-- Generated by org.testng.reporters.JUnitReportReporter -->
<testsuite skipped="0" hostname="DESKTOP-QA2NH3N" name="com.assured.RESTAssured1.App" tests="1" failures="0" timestamp="08 Sep 2019 16:43:12 GMT" time="4.118" errors="0">
  <testcase name="delete" time="4.118" classname="com.assured.RESTAssured1.App"/>
</testsuite> <!-- com.assured.RESTAssured1.App -->
